# JRE version: OpenJDK Runtime Environment Temurin-17.0.2+8 (17.0.2+8) (build 17.0.2+8)
# Java VM: OpenJDK 64-Bit Server VM Temurin-17.0.2+8 (17.0.2+8, mixed mode, tiered, compressed oops, compressed class ptrs, g1 gc, windows-amd64)
GC Precious Log:
 CPUs: 4 total, 4 available
 Memory: 7862M
 Large Page Support: Disabled
 NUMA Support: Disabled
 Compressed Oops: Enabled (32-bit)
 Heap Region Size: 1M
 Heap Min Capacity: 8M
 Heap Initial Capacity: 124M
 Heap Max Capacity: 1966M
 Pre-touch: Disabled
 Parallel Workers: 4
 Concurrent Workers: 1
 Concurrent Refinement Workers: 4
 Periodic GC: Disabled
Heap:
 garbage-first heap   total 55296K, used 40325K [0x0000000085200000, 0x0000000100000000)
  region size 1024K, 30 young (30720K), 3 survivors (3072K)
 Metaspace       used 36921K, committed 37248K, reserved 1089536K
  class space    used 4457K, committed 4608K, reserved 1048576K
GC Heap History (20 events):
Event: 1.260 GC heap before
{Heap before GC invocations=1 (full 0):
 garbage-first heap   total 126976K, used 14134K [0x0000000085200000, 0x0000000100000000)
  region size 1024K, 13 young (13312K), 2 survivors (2048K)
 Metaspace       used 14053K, committed 14208K, reserved 1064960K
  class space    used 1554K, committed 1664K, reserved 1048576K
}
Event: 1.264 GC heap after
{Heap after GC invocations=2 (full 0):
 garbage-first heap   total 126976K, used 5019K [0x0000000085200000, 0x0000000100000000)
  region size 1024K, 1 young (1024K), 1 survivors (1024K)
 Metaspace       used 14053K, committed 14208K, reserved 1064960K
  class space    used 1554K, committed 1664K, reserved 1048576K
}
Event: 1.899 GC heap before
{Heap before GC invocations=2 (full 0):
 garbage-first heap   total 126976K, used 29595K [0x0000000085200000, 0x0000000100000000)
  region size 1024K, 27 young (27648K), 1 survivors (1024K)
 Metaspace       used 21275K, committed 21504K, reserved 1073152K
  class space    used 2478K, committed 2560K, reserved 1048576K
}
Event: 1.903 GC heap after
{Heap after GC invocations=3 (full 0):
 garbage-first heap   total 126976K, used 6292K [0x0000000085200000, 0x0000000100000000)
  region size 1024K, 3 young (3072K), 3 survivors (3072K)
 Metaspace       used 21275K, committed 21504K, reserved 1073152K
  class space    used 2478K, committed 2560K, reserved 1048576K
}
Event: 2.404 GC heap before
{Heap before GC invocations=4 (full 0):
 garbage-first heap   total 27648K, used 19604K [0x0000000085200000, 0x0000000100000000)
  region size 1024K, 16 young (16384K), 3 survivors (3072K)
 Metaspace       used 22923K, committed 23168K, reserved 1073152K
  class space    used 2693K, committed 2816K, reserved 1048576K
}
Event: 2.411 GC heap after
{Heap after GC invocations=5 (full 0):
 garbage-first heap   total 27648K, used 7506K [0x0000000085200000, 0x0000000100000000)
  region size 1024K, 2 young (2048K), 2 survivors (2048K)
 Metaspace       used 22923K, committed 23168K, reserved 1073152K
  class space    used 2693K, committed 2816K, reserved 1048576K
}
Event: 2.461 GC heap before
{Heap before GC invocations=5 (full 0):
 garbage-first heap   total 27648K, used 8530K [0x0000000085200000, 0x0000000100000000)
  region size 1024K, 3 young (3072K), 2 survivors (2048K)
 Metaspace       used 22993K, committed 23232K, reserved 1073152K
  class space    used 2696K, committed 2816K, reserved 1048576K
}
Event: 2.466 GC heap after
{Heap after GC invocations=6 (full 0):
 garbage-first heap   total 27648K, used 7451K [0x0000000085200000, 0x0000000100000000)
  region size 1024K, 1 young (1024K), 1 survivors (1024K)
 Metaspace       used 22993K, committed 23232K, reserved 1073152K
  class space    used 2696K, committed 2816K, reserved 1048576K
}
Event: 2.888 GC heap before
{Heap before GC invocations=6 (full 0):
 garbage-first heap   total 27648K, used 17691K [0x0000000085200000, 0x0000000100000000)
  region size 1024K, 11 young (11264K), 1 survivors (1024K)
 Metaspace       used 24362K, committed 24640K, reserved 1073152K
  class space    used 2858K, committed 3008K, reserved 1048576K
}
Event: 2.890 GC heap after
{Heap after GC invocations=7 (full 0):
 garbage-first heap   total 27648K, used 8048K [0x0000000085200000, 0x0000000100000000)
  region size 1024K, 1 young (1024K), 1 survivors (1024K)
 Metaspace       used 24362K, committed 24640K, reserved 1073152K
  class space    used 2858K, committed 3008K, reserved 1048576K
}
Event: 3.696 GC heap before
{Heap before GC invocations=7 (full 0):
 garbage-first heap   total 27648K, used 17264K [0x0000000085200000, 0x0000000100000000)
  region size 1024K, 11 young (11264K), 1 survivors (1024K)
 Metaspace       used 26709K, committed 27008K, reserved 1073152K
  class space    used 3173K, committed 3328K, reserved 1048576K
}
Event: 3.699 GC heap after
{Heap after GC invocations=8 (full 0):
 garbage-first heap   total 27648K, used 8950K [0x0000000085200000, 0x0000000100000000)
  region size 1024K, 2 young (2048K), 2 survivors (2048K)
 Metaspace       used 26709K, committed 27008K, reserved 1073152K
  class space    used 3173K, committed 3328K, reserved 1048576K
}
Event: 4.518 GC heap before
{Heap before GC invocations=8 (full 0):
 garbage-first heap   total 27648K, used 19190K [0x0000000085200000, 0x0000000100000000)
  region size 1024K, 12 young (12288K), 2 survivors (2048K)
 Metaspace       used 29106K, committed 29312K, reserved 1081344K
  class space    used 3500K, committed 3584K, reserved 1048576K
}
Event: 4.522 GC heap after
{Heap after GC invocations=9 (full 0):
 garbage-first heap   total 27648K, used 10157K [0x0000000085200000, 0x0000000100000000)
  region size 1024K, 2 young (2048K), 2 survivors (2048K)
 Metaspace       used 29106K, committed 29312K, reserved 1081344K
  class space    used 3500K, committed 3584K, reserved 1048576K
}
Event: 4.937 GC heap before
{Heap before GC invocations=9 (full 0):
 garbage-first heap   total 27648K, used 19373K [0x0000000085200000, 0x0000000100000000)
  region size 1024K, 12 young (12288K), 2 survivors (2048K)
 Metaspace       used 31179K, committed 31424K, reserved 1081344K
  class space    used 3739K, committed 3840K, reserved 1048576K
}
Event: 4.943 GC heap after
{Heap after GC invocations=10 (full 0):
 garbage-first heap   total 27648K, used 11563K [0x0000000085200000, 0x0000000100000000)
  region size 1024K, 2 young (2048K), 2 survivors (2048K)
 Metaspace       used 31179K, committed 31424K, reserved 1081344K
  class space    used 3739K, committed 3840K, reserved 1048576K
}
Event: 5.240 GC heap before
{Heap before GC invocations=10 (full 0):
 garbage-first heap   total 27648K, used 19755K [0x0000000085200000, 0x0000000100000000)
  region size 1024K, 10 young (10240K), 2 survivors (2048K)
 Metaspace       used 32400K, committed 32768K, reserved 1081344K
  class space    used 3905K, committed 4096K, reserved 1048576K
}
Event: 5.245 GC heap after
{Heap after GC invocations=11 (full 0):
 garbage-first heap   total 77824K, used 12585K [0x0000000085200000, 0x0000000100000000)
  region size 1024K, 2 young (2048K), 2 survivors (2048K)
 Metaspace       used 32400K, committed 32768K, reserved 1081344K
  class space    used 3905K, committed 4096K, reserved 1048576K
}
Event: 1206.008 GC heap before
{Heap before GC invocations=11 (full 0):
 garbage-first heap   total 77824K, used 40233K [0x0000000085200000, 0x0000000100000000)
  region size 1024K, 30 young (30720K), 2 survivors (2048K)
 Metaspace       used 35642K, committed 35968K, reserved 1081344K
  class space    used 4291K, committed 4480K, reserved 1048576K
}
Event: 1206.014 GC heap after
{Heap after GC invocations=12 (full 0):
 garbage-first heap   total 77824K, used 13701K [0x0000000085200000, 0x0000000100000000)
  region size 1024K, 3 young (3072K), 3 survivors (3072K)
 Metaspace       used 35642K, committed 35968K, reserved 1081344K
  class space    used 4291K, committed 4480K, reserved 1048576K
}

